<?xml version="1.0" encoding="UTF-8"?>
<!-- Generated by org.testng.reporters.JUnitXMLReporter -->
<testsuite hostname="DEL1-LHP-N00648" ignored="0" name="Project Creation" tests="2" failures="1" timestamp="27 Jul 2017 13:29:42 GMT" time="39.504" errors="0">
  <testcase name="loginToApplication" time="34.891" classname="com.globallogic.velocity.automation.tests.TestNgTests"/>
  <testcase name="loginToApplication" time="4.578" classname="com.globallogic.velocity.automation.tests.TestNgTests">
    <failure type="java.lang.AssertionError" message="null[Ljava.lang.StackTraceElement;@5c80cf32">
      <![CDATA[java.lang.AssertionError: null[Ljava.lang.StackTraceElement;@5c80cf32
	at org.junit.Assert.fail(Assert.java:88)
	at com.globallogic.velocity.automation.Browser$Actions.PageAction(Browser.java:161)
	at com.globallogic.velocity.automation.Browser$Actions.InvokePage(Browser.java:223)
	at com.globallogic.velocity.automation.tests.TestNgTests.loginToApplication(TestNgTests.java:40)
... Removed 28 stack frames]]>
    </failure>
  </testcase> <!-- loginToApplication -->
</testsuite> <!-- Project Creation -->
