<?xml version="1.0" encoding="UTF-8"?>
<testng-results skipped="0" failed="1" ignored="0" total="2" passed="1">
  <reporter-output>
    <line>
      <![CDATA[Suite finiehsed]]>
    </line>
  </reporter-output>
  <suite name="Velocity project creation" duration-ms="39504" started-at="2017-07-27T13:29:02Z" finished-at="2017-07-27T13:29:42Z">
    <groups>
    </groups>
    <test name="Project Creation" duration-ms="39504" started-at="2017-07-27T13:29:02Z" finished-at="2017-07-27T13:29:42Z">
      <class name="com.globallogic.velocity.automation.tests.TestNgTests">
        <test-method status="PASS" signature="suiteSetup()[pri:0, instance:com.globallogic.velocity.automation.tests.TestNgTests@7225790e]" name="suiteSetup" is-config="true" duration-ms="3801" started-at="2017-07-27T18:58:58Z" finished-at="2017-07-27T18:59:02Z">
          <reporter-output>
          </reporter-output>
        </test-method> <!-- suiteSetup -->
        <test-method status="PASS" signature="loginToApplication(java.lang.String, java.lang.String)[pri:0, instance:com.globallogic.velocity.automation.tests.TestNgTests@7225790e]" name="loginToApplication" duration-ms="34891" started-at="2017-07-27T18:59:02Z" data-provider="default" finished-at="2017-07-27T18:59:37Z">
          <params>
            <param index="0">
              <value>
                <![CDATA[amit.kumar2]]>
              </value>
            </param>
            <param index="1">
              <value>
                <![CDATA[heartop#3]]>
              </value>
            </param>
          </params>
          <reporter-output>
          </reporter-output>
        </test-method> <!-- loginToApplication -->
        <test-method status="FAIL" signature="loginToApplication(java.lang.String, java.lang.String)[pri:0, instance:com.globallogic.velocity.automation.tests.TestNgTests@7225790e]" name="loginToApplication" duration-ms="4578" started-at="2017-07-27T18:59:37Z" data-provider="default" finished-at="2017-07-27T18:59:42Z">
          <params>
            <param index="0">
              <value>
                <![CDATA[sumit.singh]]>
              </value>
            </param>
            <param index="1">
              <value>
                <![CDATA[hello]]>
              </value>
            </param>
          </params>
          <exception class="java.lang.AssertionError">
            <message>
              <![CDATA[null[Ljava.lang.StackTraceElement;@5c80cf32]]>
            </message>
            <full-stacktrace>
              <![CDATA[java.lang.AssertionError: null[Ljava.lang.StackTraceElement;@5c80cf32
	at org.junit.Assert.fail(Assert.java:88)
	at com.globallogic.velocity.automation.Browser$Actions.PageAction(Browser.java:161)
	at com.globallogic.velocity.automation.Browser$Actions.InvokePage(Browser.java:223)
	at com.globallogic.velocity.automation.tests.TestNgTests.loginToApplication(TestNgTests.java:40)
	at sun.reflect.NativeMethodAccessorImpl.invoke0(Native Method)
	at sun.reflect.NativeMethodAccessorImpl.invoke(NativeMethodAccessorImpl.java:62)
	at sun.reflect.DelegatingMethodAccessorImpl.invoke(DelegatingMethodAccessorImpl.java:43)
	at java.lang.reflect.Method.invoke(Method.java:498)
	at org.testng.internal.MethodInvocationHelper.invokeMethod(MethodInvocationHelper.java:108)
	at org.testng.internal.Invoker.invokeMethod(Invoker.java:661)
	at org.testng.internal.Invoker.invokeTestMethod(Invoker.java:869)
	at org.testng.internal.Invoker.invokeTestMethods(Invoker.java:1193)
	at org.testng.internal.TestMethodWorker.invokeTestMethods(TestMethodWorker.java:126)
	at org.testng.internal.TestMethodWorker.run(TestMethodWorker.java:109)
	at org.testng.TestRunner.privateRun(TestRunner.java:744)
	at org.testng.TestRunner.run(TestRunner.java:602)
	at org.testng.SuiteRunner.runTest(SuiteRunner.java:380)
	at org.testng.SuiteRunner.runSequentially(SuiteRunner.java:375)
	at org.testng.SuiteRunner.privateRun(SuiteRunner.java:340)
	at org.testng.SuiteRunner.run(SuiteRunner.java:289)
	at org.testng.SuiteRunnerWorker.runSuite(SuiteRunnerWorker.java:52)
	at org.testng.SuiteRunnerWorker.run(SuiteRunnerWorker.java:86)
	at org.testng.TestNG.runSuitesSequentially(TestNG.java:1301)
	at org.testng.TestNG.runSuitesLocally(TestNG.java:1226)
	at org.testng.TestNG.runSuites(TestNG.java:1144)
	at org.testng.TestNG.run(TestNG.java:1115)
	at org.apache.maven.surefire.testng.TestNGExecutor.run(TestNGExecutor.java:283)
	at org.apache.maven.surefire.testng.TestNGXmlTestSuite.execute(TestNGXmlTestSuite.java:75)
	at org.apache.maven.surefire.testng.TestNGProvider.invoke(TestNGProvider.java:120)
	at org.apache.maven.surefire.booter.ForkedBooter.invokeProviderInSameClassLoader(ForkedBooter.java:386)
	at org.apache.maven.surefire.booter.ForkedBooter.runSuitesInProcess(ForkedBooter.java:323)
	at org.apache.maven.surefire.booter.ForkedBooter.main(ForkedBooter.java:143)
]]>
            </full-stacktrace>
          </exception> <!-- java.lang.AssertionError -->
          <reporter-output>
          </reporter-output>
        </test-method> <!-- loginToApplication -->
        <test-method status="PASS" signature="SuiteTearDown()[pri:0, instance:com.globallogic.velocity.automation.tests.TestNgTests@7225790e]" name="SuiteTearDown" is-config="true" duration-ms="2" started-at="2017-07-27T18:59:42Z" finished-at="2017-07-27T18:59:42Z">
          <reporter-output>
            <line>
              <![CDATA[Suite finiehsed]]>
            </line>
          </reporter-output>
        </test-method> <!-- SuiteTearDown -->
      </class> <!-- com.globallogic.velocity.automation.tests.TestNgTests -->
    </test> <!-- Project Creation -->
  </suite> <!-- Velocity project creation -->
</testng-results>
